Arguments: 
  /usr/local/bin/node /usr/local/bin/yarn

PATH: 
  /Users/leogonzalez/.rvm/gems/ruby-3.0.0/bin:/Users/leogonzalez/.rvm/gems/ruby-3.0.0@global/bin:/Users/leogonzalez/.rvm/rubies/ruby-3.0.0/bin:/opt/homebrew/bin:/opt/homebrew/sbin:/usr/local/bin:/usr/bin:/bin:/usr/sbin:/sbin:/Users/leogonzalez/.rvm/gems/ruby-3.0.0/bin:/Users/leogonzalez/.rvm/gems/ruby-3.0.0@global/bin:/Users/leogonzalez/.rvm/rubies/ruby-3.0.0/bin:/opt/homebrew/bin:/opt/homebrew/sbin:/Users/leogonzalez/.rvm/bin:/Users/leogonzalez/.rvm/bin

Yarn version: 
  1.22.11

Node version: 
  14.17.6

Platform: 
  darwin x64

Trace: 
  SyntaxError: /Users/leogonzalez/dev/personal/svelte-rails-budget-app/frontend/package.json: Unexpected token } in JSON at position 1062
      at JSON.parse (<anonymous>)
      at /usr/local/lib/node_modules/yarn/lib/cli.js:1625:59
      at Generator.next (<anonymous>)
      at step (/usr/local/lib/node_modules/yarn/lib/cli.js:310:30)
      at /usr/local/lib/node_modules/yarn/lib/cli.js:321:13

npm manifest: 
  {
    "name": "frontend",
    "version": "0.0.1",
    "scripts": {
      "start": "svelte-kit dev --port 8080",
      "build": "svelte-kit build",
      "package": "svelte-kit package",
      "preview": "svelte-kit preview",
      "check": "svelte-check --tsconfig ./tsconfig.json",
      "check:watch": "svelte-check --tsconfig ./tsconfig.json --watch",
      "lint": "prettier --ignore-path .gitignore --check --plugin-search-dir=. . && eslint --ignore-path .gitignore .",
      "format": "prettier --ignore-path .gitignore --write --plugin-search-dir=. ."
    },
    "devDependencies": {
      "@sveltejs/adapter-auto": "next",
      "@sveltejs/kit": "next",
      "@typescript-eslint/eslint-plugin": "^4.31.1",
      "@typescript-eslint/parser": "^4.31.1",
      "eslint": "^7.32.0",
      "eslint-config-prettier": "^8.3.0",
      "eslint-plugin-svelte3": "^3.2.1",
      "prettier": "^2.4.1",
      "prettier-plugin-svelte": "^2.4.0",
      "svelte": "^3.44.0",
      "svelte-check": "^2.2.6",
      "svelte-preprocess": "^4.9.4",
      "tslib": "^2.3.1",
      "typescript": "^4.5.5"
    },
    "type": "module",
  }

yarn manifest: 
  No manifest

Lockfile: 
  No lockfile
